2019-09-12 20:11:58,705 [Thread-3:21452] [django.request:228] [log:log_response] [WARNING]- Not Found: /css/base.css
2019-09-12 20:11:58,709 [Thread-2:9092] [django.request:228] [log:log_response] [WARNING]- Not Found: /css/index.css
2019-09-12 20:11:58,710 [Thread-4:16916] [django.request:228] [log:log_response] [WARNING]- Not Found: /images/a1.jpg
2019-09-12 20:11:58,721 [Thread-5:13812] [django.request:228] [log:log_response] [WARNING]- Not Found: /images/a2.jpg
2019-09-12 20:11:58,722 [Thread-6:7428] [django.request:228] [log:log_response] [WARNING]- Not Found: /js/jquery.min.js
2019-09-12 20:11:58,722 [Thread-7:2088] [django.request:228] [log:log_response] [WARNING]- Not Found: /js/sliders.js
2019-09-12 20:11:58,736 [Thread-5:13812] [django.request:228] [log:log_response] [WARNING]- Not Found: /images/a4.jpg
2019-09-12 20:11:58,746 [Thread-3:21452] [django.request:228] [log:log_response] [WARNING]- Not Found: /js/nav.js
2019-09-12 20:11:58,747 [Thread-4:16916] [django.request:228] [log:log_response] [WARNING]- Not Found: /images/a3.jpg
2019-09-12 20:12:28,313 [Thread-4:16916] [django.request:228] [log:log_response] [WARNING]- Not Found: /css/base.css
2019-09-12 20:12:28,320 [Thread-3:21452] [django.request:228] [log:log_response] [WARNING]- Not Found: /js/nav.js
2019-09-12 20:12:28,323 [Thread-5:13812] [django.request:228] [log:log_response] [WARNING]- Not Found: /css/index.css
2019-09-12 20:12:28,326 [Thread-7:2088] [django.request:228] [log:log_response] [WARNING]- Not Found: /js/jquery.min.js
2019-09-12 20:12:28,331 [Thread-6:7428] [django.request:228] [log:log_response] [WARNING]- Not Found: /js/sliders.js
2019-09-12 20:12:28,332 [Thread-2:9092] [django.request:228] [log:log_response] [WARNING]- Not Found: /images/a1.jpg
2019-09-12 20:12:28,340 [Thread-4:16916] [django.request:228] [log:log_response] [WARNING]- Not Found: /images/a2.jpg
2019-09-12 20:12:28,358 [Thread-6:7428] [django.request:228] [log:log_response] [WARNING]- Not Found: /js/nav.js
2019-09-12 20:12:28,363 [Thread-2:9092] [django.request:228] [log:log_response] [WARNING]- Not Found: /images/a3.jpg
2019-09-12 20:12:28,364 [Thread-7:2088] [django.request:228] [log:log_response] [WARNING]- Not Found: /images/a4.jpg
2019-09-12 20:12:29,570 [Thread-7:2088] [django.request:228] [log:log_response] [WARNING]- Not Found: /css/base.css
2019-09-12 20:12:29,581 [Thread-2:9092] [django.request:228] [log:log_response] [WARNING]- Not Found: /css/index.css
2019-09-12 20:12:29,582 [Thread-4:16916] [django.request:228] [log:log_response] [WARNING]- Not Found: /js/jquery.min.js
2019-09-12 20:12:29,588 [Thread-6:7428] [django.request:228] [log:log_response] [WARNING]- Not Found: /js/sliders.js
2019-09-12 20:12:29,588 [Thread-3:21452] [django.request:228] [log:log_response] [WARNING]- Not Found: /images/a2.jpg
2019-09-12 20:12:29,599 [Thread-5:13812] [django.request:228] [log:log_response] [WARNING]- Not Found: /images/a1.jpg
2019-09-12 20:12:29,612 [Thread-7:2088] [django.request:228] [log:log_response] [WARNING]- Not Found: /js/nav.js
2019-09-12 20:12:29,630 [Thread-6:7428] [django.request:228] [log:log_response] [WARNING]- Not Found: /images/a4.jpg
2019-09-12 20:12:29,631 [Thread-3:21452] [django.request:228] [log:log_response] [WARNING]- Not Found: /images/a3.jpg
2019-09-12 20:12:29,991 [Thread-3:21452] [django.request:228] [log:log_response] [WARNING]- Not Found: /css/base.css
2019-09-12 20:12:29,995 [Thread-6:7428] [django.request:228] [log:log_response] [WARNING]- Not Found: /css/index.css
2019-09-12 20:12:29,996 [Thread-5:13812] [django.request:228] [log:log_response] [WARNING]- Not Found: /js/sliders.js
2019-09-12 20:12:30,006 [Thread-7:2088] [django.request:228] [log:log_response] [WARNING]- Not Found: /js/jquery.min.js
2019-09-12 20:12:30,007 [Thread-2:9092] [django.request:228] [log:log_response] [WARNING]- Not Found: /js/nav.js
2019-09-12 20:12:30,014 [Thread-4:16916] [django.request:228] [log:log_response] [WARNING]- Not Found: /images/a1.jpg
2019-09-12 20:12:30,024 [Thread-3:21452] [django.request:228] [log:log_response] [WARNING]- Not Found: /images/a2.jpg
2019-09-12 20:12:30,030 [Thread-2:9092] [django.request:228] [log:log_response] [WARNING]- Not Found: /js/sliders.js
2019-09-12 20:12:30,030 [Thread-4:16916] [django.request:228] [log:log_response] [WARNING]- Not Found: /images/a3.jpg
2019-09-12 20:12:30,046 [Thread-3:21452] [django.request:228] [log:log_response] [WARNING]- Not Found: /images/a4.jpg
2019-09-12 20:12:30,047 [Thread-2:9092] [django.request:228] [log:log_response] [WARNING]- Not Found: /js/nav.js
2019-09-12 20:12:30,212 [Thread-3:21452] [django.request:228] [log:log_response] [WARNING]- Not Found: /css/base.css
2019-09-12 20:12:30,216 [Thread-2:9092] [django.request:228] [log:log_response] [WARNING]- Not Found: /css/index.css
2019-09-12 20:12:30,217 [Thread-4:16916] [django.request:228] [log:log_response] [WARNING]- Not Found: /js/sliders.js
2019-09-12 20:12:30,222 [Thread-7:2088] [django.request:228] [log:log_response] [WARNING]- Not Found: /js/nav.js
2019-09-12 20:12:30,223 [Thread-5:13812] [django.request:228] [log:log_response] [WARNING]- Not Found: /images/a1.jpg
2019-09-12 20:12:30,226 [Thread-6:7428] [django.request:228] [log:log_response] [WARNING]- Not Found: /images/a2.jpg
2019-09-12 20:12:30,239 [Thread-3:21452] [django.request:228] [log:log_response] [WARNING]- Not Found: /js/jquery.min.js
2019-09-12 20:12:30,241 [Thread-5:13812] [django.request:228] [log:log_response] [WARNING]- Not Found: /images/a3.jpg
2019-09-12 20:12:30,244 [Thread-6:7428] [django.request:228] [log:log_response] [WARNING]- Not Found: /images/a4.jpg
2019-09-12 20:12:30,250 [Thread-3:21452] [django.request:228] [log:log_response] [WARNING]- Not Found: /js/sliders.js
2019-09-12 20:12:30,259 [Thread-3:21452] [django.request:228] [log:log_response] [WARNING]- Not Found: /js/nav.js
2019-09-12 20:12:30,398 [Thread-3:21452] [django.request:228] [log:log_response] [WARNING]- Not Found: /css/base.css
2019-09-12 20:12:30,400 [Thread-6:7428] [django.request:228] [log:log_response] [WARNING]- Not Found: /css/index.css
2019-09-12 20:12:30,408 [Thread-5:13812] [django.request:228] [log:log_response] [WARNING]- Not Found: /js/jquery.min.js
2019-09-12 20:12:30,409 [Thread-7:2088] [django.request:228] [log:log_response] [WARNING]- Not Found: /images/a1.jpg
2019-09-12 20:12:30,411 [Thread-4:16916] [django.request:228] [log:log_response] [WARNING]- Not Found: /images/a2.jpg
2019-09-12 20:12:30,412 [Thread-2:9092] [django.request:228] [log:log_response] [WARNING]- Not Found: /js/sliders.js
2019-09-12 20:12:30,428 [Thread-3:21452] [django.request:228] [log:log_response] [WARNING]- Not Found: /js/nav.js
2019-09-12 20:12:30,430 [Thread-4:16916] [django.request:228] [log:log_response] [WARNING]- Not Found: /images/a4.jpg
2019-09-12 20:12:30,435 [Thread-2:9092] [django.request:228] [log:log_response] [WARNING]- Not Found: /images/a3.jpg
2019-09-12 20:12:30,655 [Thread-2:9092] [django.request:228] [log:log_response] [WARNING]- Not Found: /css/base.css
2019-09-12 20:12:30,666 [Thread-4:16916] [django.request:228] [log:log_response] [WARNING]- Not Found: /css/index.css
2019-09-12 20:12:30,674 [Thread-7:2088] [django.request:228] [log:log_response] [WARNING]- Not Found: /images/a2.jpg
2019-09-12 20:12:30,676 [Thread-5:13812] [django.request:228] [log:log_response] [WARNING]- Not Found: /js/jquery.min.js
2019-09-12 20:12:30,678 [Thread-3:21452] [django.request:228] [log:log_response] [WARNING]- Not Found: /images/a1.jpg
2019-09-12 20:12:30,681 [Thread-6:7428] [django.request:228] [log:log_response] [WARNING]- Not Found: /js/sliders.js
2019-09-12 20:12:30,683 [Thread-2:9092] [django.request:228] [log:log_response] [WARNING]- Not Found: /js/nav.js
2019-09-12 20:12:30,691 [Thread-7:2088] [django.request:228] [log:log_response] [WARNING]- Not Found: /images/a3.jpg
2019-09-12 20:12:30,699 [Thread-6:7428] [django.request:228] [log:log_response] [WARNING]- Not Found: /images/a4.jpg
2019-09-12 20:12:30,843 [Thread-6:7428] [django.request:228] [log:log_response] [WARNING]- Not Found: /css/base.css
2019-09-12 20:12:30,858 [Thread-7:2088] [django.request:228] [log:log_response] [WARNING]- Not Found: /css/index.css
2019-09-12 20:12:30,863 [Thread-2:9092] [django.request:228] [log:log_response] [WARNING]- Not Found: /js/jquery.min.js
2019-09-12 20:12:30,865 [Thread-3:21452] [django.request:228] [log:log_response] [WARNING]- Not Found: /js/sliders.js
2019-09-12 20:12:30,873 [Thread-5:13812] [django.request:228] [log:log_response] [WARNING]- Not Found: /js/nav.js
2019-09-12 20:12:30,874 [Thread-4:16916] [django.request:228] [log:log_response] [WARNING]- Not Found: /images/a1.jpg
2019-09-12 20:12:30,875 [Thread-6:7428] [django.request:228] [log:log_response] [WARNING]- Not Found: /images/a2.jpg
2019-09-12 20:12:30,884 [Thread-3:21452] [django.request:228] [log:log_response] [WARNING]- Not Found: /images/a3.jpg
2019-09-12 20:12:30,889 [Thread-2:9092] [django.request:228] [log:log_response] [WARNING]- Not Found: /images/a4.jpg
2019-09-12 20:12:31,032 [Thread-2:9092] [django.request:228] [log:log_response] [WARNING]- Not Found: /css/base.css
2019-09-12 20:12:31,038 [Thread-3:21452] [django.request:228] [log:log_response] [WARNING]- Not Found: /js/sliders.js
2019-09-12 20:12:31,039 [Thread-6:7428] [django.request:228] [log:log_response] [WARNING]- Not Found: /js/nav.js
2019-09-12 20:12:31,041 [Thread-5:13812] [django.request:228] [log:log_response] [WARNING]- Not Found: /js/jquery.min.js
2019-09-12 20:12:31,046 [Thread-4:16916] [django.request:228] [log:log_response] [WARNING]- Not Found: /css/index.css
2019-09-12 20:12:31,046 [Thread-7:2088] [django.request:228] [log:log_response] [WARNING]- Not Found: /images/a1.jpg
2019-09-12 20:12:31,059 [Thread-2:9092] [django.request:228] [log:log_response] [WARNING]- Not Found: /images/a2.jpg
2019-09-12 20:12:31,062 [Thread-7:2088] [django.request:228] [log:log_response] [WARNING]- Not Found: /js/sliders.js
2019-09-12 20:12:31,068 [Thread-4:16916] [django.request:228] [log:log_response] [WARNING]- Not Found: /images/a3.jpg
2019-09-12 20:12:31,076 [Thread-2:9092] [django.request:228] [log:log_response] [WARNING]- Not Found: /images/a4.jpg
2019-09-12 20:12:31,079 [Thread-7:2088] [django.request:228] [log:log_response] [WARNING]- Not Found: /js/nav.js
2019-09-12 20:12:31,300 [Thread-7:2088] [django.request:228] [log:log_response] [WARNING]- Not Found: /css/base.css
2019-09-12 20:12:31,317 [Thread-4:16916] [django.request:228] [log:log_response] [WARNING]- Not Found: /js/jquery.min.js
2019-09-12 20:12:31,317 [Thread-2:9092] [django.request:228] [log:log_response] [WARNING]- Not Found: /css/index.css
2019-09-12 20:12:31,320 [Thread-5:13812] [django.request:228] [log:log_response] [WARNING]- Not Found: /images/a1.jpg
2019-09-12 20:12:31,321 [Thread-6:7428] [django.request:228] [log:log_response] [WARNING]- Not Found: /images/a2.jpg
2019-09-12 20:12:31,324 [Thread-3:21452] [django.request:228] [log:log_response] [WARNING]- Not Found: /js/sliders.js
2019-09-12 20:12:31,339 [Thread-7:2088] [django.request:228] [log:log_response] [WARNING]- Not Found: /js/nav.js
2019-09-12 20:12:31,345 [Thread-3:21452] [django.request:228] [log:log_response] [WARNING]- Not Found: /images/a3.jpg
2019-09-12 20:12:31,345 [Thread-6:7428] [django.request:228] [log:log_response] [WARNING]- Not Found: /images/a4.jpg
2019-09-12 20:12:31,588 [Thread-6:7428] [django.request:228] [log:log_response] [WARNING]- Not Found: /css/base.css
2019-09-12 20:12:31,624 [Thread-3:21452] [django.request:228] [log:log_response] [WARNING]- Not Found: /css/index.css
2019-09-12 20:12:31,628 [Thread-5:13812] [django.request:228] [log:log_response] [WARNING]- Not Found: /js/sliders.js
2019-09-12 20:12:31,639 [Thread-7:2088] [django.request:228] [log:log_response] [WARNING]- Not Found: /js/jquery.min.js
2019-09-12 20:12:31,641 [Thread-2:9092] [django.request:228] [log:log_response] [WARNING]- Not Found: /images/a1.jpg
2019-09-12 20:12:31,872 [Thread-4:16916] [django.request:228] [log:log_response] [WARNING]- Not Found: /images/a2.jpg
2019-09-12 20:12:31,876 [Thread-2:9092] [django.request:228] [log:log_response] [WARNING]- Not Found: /images/a3.jpg
2019-09-12 20:12:31,927 [Thread-6:7428] [django.request:228] [log:log_response] [WARNING]- Not Found: /js/nav.js
2019-09-12 20:12:31,928 [Thread-7:2088] [django.request:228] [log:log_response] [WARNING]- Not Found: /js/sliders.js
2019-09-12 20:12:31,932 [Thread-4:16916] [django.request:228] [log:log_response] [WARNING]- Not Found: /js/nav.js
2019-09-12 20:12:31,941 [Thread-3:21452] [django.request:228] [log:log_response] [WARNING]- Not Found: /css/index.css
2019-09-12 20:12:31,941 [Thread-8:576] [django.request:228] [log:log_response] [WARNING]- Not Found: /js/jquery.min.js
2019-09-12 20:12:31,945 [Thread-9:16556] [django.request:228] [log:log_response] [WARNING]- Not Found: /images/a1.jpg
2019-09-12 20:12:31,947 [Thread-5:13812] [django.request:228] [log:log_response] [WARNING]- Not Found: /css/base.css
2019-09-12 20:12:31,952 [Thread-2:9092] [django.request:228] [log:log_response] [WARNING]- Not Found: /js/sliders.js
2019-09-12 20:12:31,962 [Thread-3:21452] [django.request:228] [log:log_response] [WARNING]- Not Found: /images/a2.jpg
2019-09-12 20:12:32,019 [Thread-5:13812] [django.request:228] [log:log_response] [WARNING]- Not Found: /images/a3.jpg
2019-09-12 20:12:32,024 [Thread-2:9092] [django.request:228] [log:log_response] [WARNING]- Not Found: /js/nav.js
2019-09-12 20:12:32,025 [Thread-9:16556] [django.request:228] [log:log_response] [WARNING]- Not Found: /images/a4.jpg
2019-09-12 20:12:32,033 [Thread-4:16916] [django.request:228] [log:log_response] [WARNING]- Not Found: /css/base.css
2019-09-12 20:12:32,034 [Thread-3:21452] [django.request:228] [log:log_response] [WARNING]- Not Found: /css/index.css
2019-09-12 20:12:32,056 [Thread-8:576] [django.request:228] [log:log_response] [WARNING]- Not Found: /js/jquery.min.js
2019-09-12 20:12:32,061 [Thread-11:1984] [django.request:228] [log:log_response] [WARNING]- Not Found: /js/nav.js
2019-09-12 20:12:32,065 [Thread-10:21676] [django.request:228] [log:log_response] [WARNING]- Not Found: /js/sliders.js
2019-09-12 20:12:32,066 [Thread-12:21692] [django.request:228] [log:log_response] [WARNING]- Not Found: /images/a1.jpg
2019-09-12 20:12:32,072 [Thread-4:16916] [django.request:228] [log:log_response] [WARNING]- Not Found: /images/a2.jpg
2019-09-12 20:12:32,088 [Thread-8:576] [django.request:228] [log:log_response] [WARNING]- Not Found: /js/nav.js
2019-09-12 20:12:32,092 [Thread-10:21676] [django.request:228] [log:log_response] [WARNING]- Not Found: /images/a3.jpg
2019-09-12 20:12:32,096 [Thread-11:1984] [django.request:228] [log:log_response] [WARNING]- Not Found: /images/a4.jpg
2019-09-12 20:12:32,220 [Thread-11:1984] [django.request:228] [log:log_response] [WARNING]- Not Found: /css/base.css
2019-09-12 20:12:32,239 [Thread-10:21676] [django.request:228] [log:log_response] [WARNING]- Not Found: /css/index.css
2019-09-12 20:12:32,242 [Thread-4:16916] [django.request:228] [log:log_response] [WARNING]- Not Found: /js/sliders.js
2019-09-12 20:12:32,243 [Thread-3:21452] [django.request:228] [log:log_response] [WARNING]- Not Found: /images/a1.jpg
2019-09-12 20:12:32,246 [Thread-8:576] [django.request:228] [log:log_response] [WARNING]- Not Found: /js/jquery.min.js
2019-09-12 20:12:32,248 [Thread-12:21692] [django.request:228] [log:log_response] [WARNING]- Not Found: /js/nav.js
2019-09-12 20:12:32,251 [Thread-11:1984] [django.request:228] [log:log_response] [WARNING]- Not Found: /images/a2.jpg
2019-09-12 20:12:32,262 [Thread-3:21452] [django.request:228] [log:log_response] [WARNING]- Not Found: /images/a3.jpg
2019-09-12 20:12:32,264 [Thread-12:21692] [django.request:228] [log:log_response] [WARNING]- Not Found: /js/sliders.js
2019-09-12 20:12:32,267 [Thread-11:1984] [django.request:228] [log:log_response] [WARNING]- Not Found: /images/a4.jpg
2019-09-12 20:12:32,277 [Thread-12:21692] [django.request:228] [log:log_response] [WARNING]- Not Found: /js/nav.js
2019-09-12 20:12:32,519 [Thread-12:21692] [django.request:228] [log:log_response] [WARNING]- Not Found: /css/base.css
2019-09-12 20:12:32,609 [Thread-11:1984] [django.request:228] [log:log_response] [WARNING]- Not Found: /js/sliders.js
2019-09-12 20:12:32,609 [Thread-4:16916] [django.request:228] [log:log_response] [WARNING]- Not Found: /images/a1.jpg
2019-09-12 20:12:32,619 [Thread-3:21452] [django.request:228] [log:log_response] [WARNING]- Not Found: /js/nav.js
2019-09-12 20:12:32,620 [Thread-10:21676] [django.request:228] [log:log_response] [WARNING]- Not Found: /images/a2.jpg
2019-09-12 20:12:32,623 [Thread-8:576] [django.request:228] [log:log_response] [WARNING]- Not Found: /css/index.css
2019-09-12 20:12:32,633 [Thread-12:21692] [django.request:228] [log:log_response] [WARNING]- Not Found: /js/jquery.min.js
2019-09-12 20:12:32,662 [Thread-4:16916] [django.request:228] [log:log_response] [WARNING]- Not Found: /images/a3.jpg
2019-09-12 20:12:32,665 [Thread-10:21676] [django.request:228] [log:log_response] [WARNING]- Not Found: /images/a4.jpg
2019-09-12 20:12:32,746 [Thread-12:21692] [django.request:228] [log:log_response] [WARNING]- Not Found: /js/sliders.js
2019-09-12 20:12:32,749 [Thread-3:21452] [django.request:228] [log:log_response] [WARNING]- Not Found: /js/sliders.js
2019-09-12 20:12:32,754 [Thread-11:1984] [django.request:228] [log:log_response] [WARNING]- Not Found: /images/a1.jpg
2019-09-12 20:12:32,755 [Thread-13:16216] [django.request:228] [log:log_response] [WARNING]- Not Found: /images/a2.jpg
2019-09-12 20:12:32,764 [Thread-14:17888] [django.request:228] [log:log_response] [WARNING]- Not Found: /js/jquery.min.js
2019-09-12 20:12:32,766 [Thread-4:16916] [django.request:228] [log:log_response] [WARNING]- Not Found: /css/base.css
2019-09-12 20:12:32,772 [Thread-10:21676] [django.request:228] [log:log_response] [WARNING]- Not Found: /css/index.css
2019-09-12 20:12:32,795 [Thread-11:1984] [django.request:228] [log:log_response] [WARNING]- Not Found: /images/a4.jpg
2019-09-12 20:12:32,800 [Thread-3:21452] [django.request:228] [log:log_response] [WARNING]- Not Found: /js/nav.js
2019-09-12 20:12:32,800 [Thread-10:21676] [django.request:228] [log:log_response] [WARNING]- Not Found: /js/sliders.js
2019-09-12 20:12:32,813 [Thread-13:16216] [django.request:228] [log:log_response] [WARNING]- Not Found: /images/a3.jpg
2019-09-12 20:12:32,820 [Thread-10:21676] [django.request:228] [log:log_response] [WARNING]- Not Found: /js/nav.js
2019-09-12 20:12:32,927 [Thread-10:21676] [django.request:228] [log:log_response] [WARNING]- Not Found: /css/base.css
2019-09-12 20:12:32,929 [Thread-13:16216] [django.request:228] [log:log_response] [WARNING]- Not Found: /css/index.css
2019-09-12 20:12:32,940 [Thread-4:16916] [django.request:228] [log:log_response] [WARNING]- Not Found: /js/jquery.min.js
2019-09-12 20:12:32,940 [Thread-11:1984] [django.request:228] [log:log_response] [WARNING]- Not Found: /js/nav.js
2019-09-12 20:12:33,039 [Thread-14:17888] [django.request:228] [log:log_response] [WARNING]- Not Found: /images/a1.jpg
2019-09-12 20:12:33,039 [Thread-3:21452] [django.request:228] [log:log_response] [WARNING]- Not Found: /js/sliders.js
2019-09-12 20:12:33,101 [Thread-10:21676] [django.request:228] [log:log_response] [WARNING]- Not Found: /images/a2.jpg
2019-09-12 20:12:33,106 [Thread-14:17888] [django.request:228] [log:log_response] [WARNING]- Not Found: /images/a4.jpg
2019-09-12 20:12:33,107 [Thread-11:1984] [django.request:228] [log:log_response] [WARNING]- Not Found: /js/nav.js
2019-09-12 20:12:33,109 [Thread-3:21452] [django.request:228] [log:log_response] [WARNING]- Not Found: /images/a3.jpg
2019-09-12 20:12:57,938 [Thread-2:9920] [django.request:228] [log:log_response] [WARNING]- Not Found: /js/sliders.js
2019-09-12 20:12:57,946 [Thread-3:11896] [django.request:228] [log:log_response] [WARNING]- Not Found: /css/base.css
2019-09-12 20:12:57,982 [Thread-2:9920] [django.request:228] [log:log_response] [WARNING]- Not Found: /images/a2.jpg
2019-09-12 20:12:57,999 [Thread-4:748] [django.request:228] [log:log_response] [WARNING]- Not Found: /images/a1.jpg
2019-09-12 20:12:58,007 [Thread-2:9920] [django.request:228] [log:log_response] [WARNING]- Not Found: /images/a3.jpg
2019-09-12 20:12:58,014 [Thread-5:19104] [django.request:228] [log:log_response] [WARNING]- Not Found: /js/jquery.min.js
2019-09-12 20:12:58,025 [Thread-6:20964] [django.request:228] [log:log_response] [WARNING]- Not Found: /js/nav.js
2019-09-12 20:12:58,040 [Thread-5:19104] [django.request:228] [log:log_response] [WARNING]- Not Found: /images/a4.jpg
2019-09-12 20:12:58,053 [Thread-7:21464] [django.request:228] [log:log_response] [WARNING]- Not Found: /css/index.css
2019-09-12 20:12:58,084 [Thread-7:21464] [django.request:228] [log:log_response] [WARNING]- Not Found: /js/sliders.js
2019-09-12 20:12:58,118 [Thread-7:21464] [django.request:228] [log:log_response] [WARNING]- Not Found: /js/nav.js
2019-09-13 10:57:06,155 [Thread-2:7912] [django.request:228] [log:log_response] [WARNING]- Not Found: /css/base.css
2019-09-13 10:57:06,157 [Thread-3:12472] [django.request:228] [log:log_response] [WARNING]- Not Found: /css/index.css
2019-09-13 10:57:06,170 [Thread-4:1808] [django.request:228] [log:log_response] [WARNING]- Not Found: /js/jquery.min.js
2019-09-13 10:57:06,176 [Thread-2:7912] [django.request:228] [log:log_response] [WARNING]- Not Found: /images/a2.jpg
2019-09-13 10:57:06,193 [Thread-5:13804] [django.request:228] [log:log_response] [WARNING]- Not Found: /js/sliders.js
2019-09-13 10:57:06,199 [Thread-2:7912] [django.request:228] [log:log_response] [WARNING]- Not Found: /images/a3.jpg
2019-09-13 10:57:06,200 [Thread-6:4368] [django.request:228] [log:log_response] [WARNING]- Not Found: /js/nav.js
2019-09-13 10:57:06,229 [Thread-5:13804] [django.request:228] [log:log_response] [WARNING]- Not Found: /images/a4.jpg
2019-09-13 10:57:06,252 [Thread-7:13216] [django.request:228] [log:log_response] [WARNING]- Not Found: /images/a1.jpg
2019-09-13 10:57:06,376 [Thread-7:13216] [django.request:228] [log:log_response] [WARNING]- Not Found: /favicon.ico
2019-09-13 10:57:09,119 [Thread-7:13216] [django.request:228] [log:log_response] [WARNING]- Not Found: /index.html
